<?xml version="1.0" encoding="UTF-8"?>
<testng-results skipped="0" failed="0" ignored="0" total="1" passed="1">
  <reporter-output>
  </reporter-output>
  <suite name="Suite" duration-ms="3104" started-at="2019-08-27T23:50:23 IST" finished-at="2019-08-27T23:50:26 IST">
    <groups>
      <group name="cucumber">
        <method signature="Getuserlistrunner.feature(cucumber.api.testng.CucumberFeatureWrapper)[pri:0, instance:runners.Getuserlistrunner@3fee9989]" name="feature" class="runners.Getuserlistrunner"/>
      </group> <!-- cucumber -->
    </groups>
    <test name="Test" duration-ms="3104" started-at="2019-08-27T23:50:23 IST" finished-at="2019-08-27T23:50:26 IST">
      <class name="runners.Getuserlistrunner">
        <test-method status="PASS" signature="setUpClass()[pri:0, instance:runners.Getuserlistrunner@3fee9989]" name="setUpClass" is-config="true" duration-ms="260" started-at="2019-08-27T23:50:23 IST" finished-at="2019-08-27T23:50:23 IST">
          <reporter-output>
          </reporter-output>
        </test-method> <!-- setUpClass -->
        <test-method status="PASS" signature="feature(cucumber.api.testng.CucumberFeatureWrapper)[pri:0, instance:runners.Getuserlistrunner@3fee9989]" name="feature" duration-ms="2500" started-at="2019-08-27T23:50:23 IST" description="Runs Cucumber Feature" data-provider="features" finished-at="2019-08-27T23:50:25 IST">
          <params>
            <param index="0">
              <value>
                <![CDATA[getUser]]>
              </value>
            </param>
          </params>
          <reporter-output>
          </reporter-output>
        </test-method> <!-- feature -->
        <test-method status="PASS" signature="tearDownClass()[pri:0, instance:runners.Getuserlistrunner@3fee9989]" name="tearDownClass" is-config="true" duration-ms="219" started-at="2019-08-27T23:50:25 IST" finished-at="2019-08-27T23:50:26 IST">
          <reporter-output>
          </reporter-output>
        </test-method> <!-- tearDownClass -->
      </class> <!-- runners.Getuserlistrunner -->
    </test> <!-- Test -->
  </suite> <!-- Suite -->
</testng-results>
