<?xml version="1.0" encoding="UTF-8"?>
<testsuite xmlns:xsi="http://www.w3.org/2001/XMLSchema-instance" xsi:noNamespaceSchemaLocation="https://maven.apache.org/surefire/maven-surefire-plugin/xsd/surefire-test-report.xsd" name="TestSuite" time="4.777" tests="2" errors="0" skipped="0" failures="1">
  <properties>
[...]
</properties>
  <testcase name="feature" classname="runners.Getuserlistrunner" time="2.872">
    <failure message="java.lang.AssertionError: The following asserts failed:&#10;	expected [application/json1; charset=utf-8] but found [application/json; charset=utf-8]" type="cucumber.runtime.CucumberException">cucumber.runtime.CucumberException: 
java.lang.AssertionError: The following asserts failed:
	expected [application/json1; charset=utf-8] but found [application/json; charset=utf-8]
	at runners.Getuserlistrunner.feature(Getuserlistrunner.java:34)
Caused by: java.lang.AssertionError: 
The following asserts failed:
	expected [application/json1; charset=utf-8] but found [application/json; charset=utf-8]
</failure>
    <system-out><![CDATA[[TestNGContentHandler] [WARN] It is strongly recommended to add "<!DOCTYPE suite SYSTEM "https://testng.org/testng-1.0.dtd" >" at the top of your file, otherwise TestNG may fail or not work as expected.
Feature: getUserAllUsers
  get users
In pre condition
{"page":1,"per_page":6,"total":12,"total_pages":2,"data":[{"id":1,"email":"george.bluth@reqres.in","first_name":"George","last_name":"Bluth","avatar":"https://s3.amazonaws.com/uifaces/faces/twitter/calebogden/128.jpg"},{"id":2,"email":"janet.weaver@reqres.in","first_name":"Janet","last_name":"Weaver","avatar":"https://s3.amazonaws.com/uifaces/faces/twitter/josephstein/128.jpg"},{"id":3,"email":"emma.wong@reqres.in","first_name":"Emma","last_name":"Wong","avatar":"https://s3.amazonaws.com/uifaces/faces/twitter/olegpogodaev/128.jpg"},{"id":4,"email":"eve.holt@reqres.in","first_name":"Eve","last_name":"Holt","avatar":"https://s3.amazonaws.com/uifaces/faces/twitter/marcoramires/128.jpg"},{"id":5,"email":"charles.morris@reqres.in","first_name":"Charles","last_name":"Morris","avatar":"https://s3.amazonaws.com/uifaces/faces/twitter/stephenmoon/128.jpg"},{"id":6,"email":"tracey.ramos@reqres.in","first_name":"Tracey","last_name":"Ramos","avatar":"https://s3.amazonaws.com/uifaces/faces/twitter/bigmancho/128.jpg"}]}
200
application/json; charset=utf-8

  Scenario: getUserslist             &amp#27;[90m# getAllUsers.feature:4&amp#27;[0m
    &amp#27;[32mGiven &amp#27;[0m&amp#27;[32mprecondition&amp#27;[0m               &amp#27;[90m# GetAllUsers.precondition()&amp#27;[0m
    &amp#27;[32mAnd &amp#27;[0m&amp#27;[32mInvoke get all users service&amp#27;[0m &amp#27;[90m# GetAllUsers.invoke_get_all_users_service()&amp#27;[0m
    &amp#27;[32mThen &amp#27;[0m&amp#27;[32mI validate the statuscode&amp#27;[0m   &amp#27;[90m# GetAllUsers.i_validate_the_statuscode()&amp#27;[0m
    &amp#27;[31mAnd &amp#27;[0m&amp#27;[31mI validate the contenttype&amp#27;[0m   &amp#27;[90m# GetAllUsers.i_validate_the_contenttype()&amp#27;[0m
      &amp#27;[31mjava.lang.AssertionError: The following asserts failed:
      	expected [application/json1; charset=utf-8] but found [application/json; charset=utf-8]
      	at org.testng.asserts.SoftAssert.assertAll(SoftAssert.java:47)
      	at org.testng.asserts.SoftAssert.assertAll(SoftAssert.java:31)
      	at stepDefinations.GetAllUsers.i_validate_the_contenttype(GetAllUsers.java:42)
      	at ?.And I validate the contenttype(getAllUsers.feature:8)
      &amp#27;[0m
]]></system-out>
  </testcase>
  <testcase name="feature" classname="runners.Getuserlistrunner" time="0.242"/>
</testsuite>